<?xml version="1.0" encoding="UTF-8"?>
<!-- Generated by org.testng.reporters.JUnitXMLReporter -->
<testsuite ignored="0" hostname="DESKTOP-0F0VSPQ" failures="0" tests="5" name="Default test" time="43.806" errors="0" timestamp="25 Aug 2023 11:13:40 GMT">
  <testcase classname="pom_tests.PizzaHutOrderFlowTestCases" name="validateDealsPageURL" time="22.435"/>
  <testcase classname="pom_tests.PizzaHutOrderFlowTestCases" name="addSideItemToCart" time="6.219"/>
  <testcase classname="pom_tests.PizzaHutOrderFlowTestCases" name="addDrinksToCart" time="0.028"/>
  <testcase classname="pom_tests.PizzaHutOrderFlowTestCases" name="navigateToCheckout" time="0.039"/>
  <testcase classname="pom_tests.PizzaHutOrderFlowTestCases" name="applyGiftCard" time="0.028"/>
</testsuite> <!-- Default test -->
